\BOOKMARK [0][]{chapter*.1}{Abstract}{}% 1
\BOOKMARK [0][]{chapter*.2}{Dedication}{}% 2
\BOOKMARK [0][]{chapter*.3}{Acknowledgments}{}% 3
\BOOKMARK [0][]{chapter*.4}{Vita}{}% 4
\BOOKMARK [0][]{section*.5}{Contents}{}% 5
\BOOKMARK [0][]{chapter*.7}{List of Figures}{}% 6
\BOOKMARK [0][]{chapter*.8}{List of Tables}{}% 7
\BOOKMARK [0][]{chapter*.9}{List of Listings}{}% 8
\BOOKMARK [0][]{chapter*.10}{Preface}{}% 9
\BOOKMARK [0][]{chapter.1}{Introduction}{}% 10
\BOOKMARK [0][]{chapter.2}{Are Virtual Things Real?}{}% 11
\BOOKMARK [1][]{section.2.1}{Definitions}{chapter.2}% 12
\BOOKMARK [1][]{section.2.2}{Against Virtual Irrealism}{chapter.2}% 13
\BOOKMARK [2][]{subsection.2.2.1}{Virtual objects really exist}{section.2.2}% 14
\BOOKMARK [3][]{subsubsection.2.2.1.1}{On existence}{subsection.2.2.1}% 15
\BOOKMARK [2][]{subsection.2.2.2}{What are virtual objects? }{section.2.2}% 16
\BOOKMARK [2][]{subsection.2.2.3}{Events in virtual reality really do take place}{section.2.2}% 17
\BOOKMARK [2][]{subsection.2.2.4}{Is Virtual Reality Illusory?}{section.2.2}% 18
\BOOKMARK [2][]{subsection.2.2.5}{Virtual experiences of a world are about as valuable as non-virtual experiences of a world}{section.2.2}% 19
\BOOKMARK [1][]{section.2.3}{Closing Thoughts}{chapter.2}% 20
\BOOKMARK [0][]{chapter.3}{What do we mean by real?}{}% 21
\BOOKMARK [1][]{subsection.3.0.1}{An Introduction to Idealism}{chapter.3}% 22
\BOOKMARK [2][]{subsection.3.0.2}{Conclusion}{subsection.3.0.1}% 23
\BOOKMARK [1][]{section.3.1}{Virtual Realism and Fictionalism}{chapter.3}% 24
\BOOKMARK [2][]{subsection.3.1.1}{Materialism and VR}{section.3.1}% 25
\BOOKMARK [0][]{chapter.4}{Quantifying the realness of virtual worlds }{}% 26
\BOOKMARK [1][]{section.4.1}{Introduction}{chapter.4}% 27
\BOOKMARK [1][]{section.4.2}{What does it mean to be immersive}{chapter.4}% 28
\BOOKMARK [1][]{section.4.3}{Emotion and immersion}{chapter.4}% 29
\BOOKMARK [2][]{subsection.4.3.1}{Introduction}{section.4.3}% 30
\BOOKMARK [2][]{subsection.4.3.2}{The Stoic Conception of Emotion }{section.4.3}% 31
\BOOKMARK [2][]{subsection.4.3.3}{Phenomenology and Emotions}{section.4.3}% 32
\BOOKMARK [1][]{section.4.4}{Subconscious Emotion and Immersion}{chapter.4}% 33
\BOOKMARK [2][]{subsection.4.4.1}{Introduction}{section.4.4}% 34
\BOOKMARK [2][]{subsection.4.4.2}{Methods}{section.4.4}% 35
\BOOKMARK [3][]{subsubsection.4.4.2.1}{Participants}{subsection.4.4.2}% 36
\BOOKMARK [3][]{subsubsection.4.4.2.2}{Procedure}{subsection.4.4.2}% 37
\BOOKMARK [0][]{chapter.5}{Working with figures and tables}{}% 38
\BOOKMARK [1][]{section.5.1}{Getting a simple figure in the document}{chapter.5}% 39
\BOOKMARK [2][]{subsection.5.1.1}{Minipages}{section.5.1}% 40
\BOOKMARK [3][]{subsubsection.5.1.1.1}{Two pictures in one figure}{subsection.5.1.1}% 41
\BOOKMARK [1][]{section.5.2}{Tables}{chapter.5}% 42
\BOOKMARK [0][]{chapter.6}{Working with bibliographies and indicies}{}% 43
\BOOKMARK [0][]{appendix*.24}{References}{}% 44
\BOOKMARK [0][]{section*.25}{Index}{}% 45
