This is pdfTeX, Version 3.14159265-2.6-1.40.17 (TeX Live 2016) (preloaded format=pdflatex 2016.5.22)  7 NOV 2016 12:07
entering extended mode
 restricted \write18 enabled.
 %&-line parsing enabled.
**username.tex
(./username.tex
LaTeX2e <2016/03/31>
Babel <3.9r> and hyphenation patterns for 83 language(s) loaded.

! LaTeX Error: Missing \begin{document}.

See the LaTeX manual or LaTeX Companion for explanation.
Type  H <return>  for immediate help.
 ...                                              
                                                  
l.1 u
     %%%%%%%%%%%%%%%%%%%%%%%%%%%%%%%%%%%%%%%%%%%%%%%%%%%%%%%%%%%%%%%%%%%%%%%...

You're in trouble here.  Try typing  <return>  to proceed.
If that doesn't work, type  X <return>  to quit.

Missing character: There is no u in font nullfont!

Overfull \hbox (20.0pt too wide) in paragraph at lines 1--12
[] 
 []

(./woosterthesis.cls
Document Class: woosterthesis 2006/11/03 v4.2.1 Wooster IS LaTeX document class
 by Dr. Jon Breitenbucher
(/usr/local/texlive/2016/texmf-dist/tex/generic/oberdiek/ifpdf.sty
Package: ifpdf 2016/05/14 v3.1 Provides the ifpdf switch
)
(/usr/local/texlive/2016/texmf-dist/tex/generic/ifxetex/ifxetex.sty
Package: ifxetex 2010/09/12 v0.6 Provides ifxetex conditional
)
(/usr/local/texlive/2016/texmf-dist/tex/latex/textpos/textpos.sty
Package: textpos 2014/01/03 v1.7j

Package: textpos 2014/01/03 1.7j, absolute positioning of text on the page
\TP@textbox=\box26
\TPHorizModule=\dimen102
\TPVertModule=\dimen103
\TP@margin=\dimen104
\TP@absmargin=\dimen105
Grid set 16 x 16 = 38.39343pt x 49.68562pt
\TPboxrulesize=\dimen106
\TP@tbargs=\toks14
\TP@prevdepth=\dimen107
) (/usr/local/texlive/2016/texmf-dist/tex/latex/amscls/amsthm.sty
Package: amsthm 2015/03/04 v2.20.2
\thm@style=\toks15
\thm@bodyfont=\toks16
\thm@headfont=\toks17
\thm@notefont=\toks18
\thm@headpunct=\toks19
\thm@preskip=\skip41
\thm@postskip=\skip42
\thm@headsep=\skip43
\dth@everypar=\toks20
)
(/usr/local/texlive/2016/texmf-dist/tex/latex/amsfonts/amssymb.sty
Package: amssymb 2013/01/14 v3.01 AMS font symbols

(/usr/local/texlive/2016/texmf-dist/tex/latex/amsfonts/amsfonts.sty
Package: amsfonts 2013/01/14 v3.01 Basic AMSFonts support
\@emptytoks=\toks21
\symAMSa=\mathgroup4
\symAMSb=\mathgroup5
LaTeX Font Info:    Overwriting math alphabet `\mathfrak' in version `bold'
(Font)                  U/euf/m/n --> U/euf/b/n on input line 106.
))
(/usr/local/texlive/2016/texmf-dist/tex/latex/amsmath/amsmath.sty
Package: amsmath 2016/03/10 v2.15b AMS math features
\@mathmargin=\skip44

For additional information on amsmath, use the `?' option.
(/usr/local/texlive/2016/texmf-dist/tex/latex/amsmath/amstext.sty
Package: amstext 2000/06/29 v2.01 AMS text

(/usr/local/texlive/2016/texmf-dist/tex/latex/amsmath/amsgen.sty
File: amsgen.sty 1999/11/30 v2.0 generic functions
\@emptytoks=\toks22
\ex@=\dimen108
))
(/usr/local/texlive/2016/texmf-dist/tex/latex/amsmath/amsbsy.sty
Package: amsbsy 1999/11/29 v1.2d Bold Symbols
\pmbraise@=\dimen109
)
(/usr/local/texlive/2016/texmf-dist/tex/latex/amsmath/amsopn.sty
Package: amsopn 2016/03/08 v2.02 operator names
)
\inf@bad=\count79
LaTeX Info: Redefining \frac on input line 199.
\uproot@=\count80
\leftroot@=\count81
LaTeX Info: Redefining \overline on input line 297.
\classnum@=\count82
\DOTSCASE@=\count83
LaTeX Info: Redefining \ldots on input line 394.
LaTeX Info: Redefining \dots on input line 397.
LaTeX Info: Redefining \cdots on input line 518.
\Mathstrutbox@=\box27
\strutbox@=\box28
\big@size=\dimen110
LaTeX Font Info:    Redeclaring font encoding OML on input line 634.
LaTeX Font Info:    Redeclaring font encoding OMS on input line 635.
\macc@depth=\count84
\c@MaxMatrixCols=\count85
\dotsspace@=\muskip10
\c@parentequation=\count86
\dspbrk@lvl=\count87
\tag@help=\toks23
\row@=\count88
\column@=\count89
\maxfields@=\count90
\andhelp@=\toks24
\eqnshift@=\dimen111
\alignsep@=\dimen112
\tagshift@=\dimen113
\tagwidth@=\dimen114
\totwidth@=\dimen115
\lineht@=\dimen116
\@envbody=\toks25
\multlinegap=\skip45
\multlinetaggap=\skip46
\mathdisplay@stack=\toks26
LaTeX Info: Redefining \[ on input line 2739.
LaTeX Info: Redefining \] on input line 2740.
)
(/usr/local/texlive/2016/texmf-dist/tex/latex/setspace/setspace.sty
Package: setspace 2011/12/19 v6.7a set line spacing
)
(/usr/local/texlive/2016/texmf-dist/tex/latex/fancyhdr/fancyhdr.sty
\fancy@headwidth=\skip47
\f@ncyO@elh=\skip48
\f@ncyO@erh=\skip49
\f@ncyO@olh=\skip50
\f@ncyO@orh=\skip51
\f@ncyO@elf=\skip52
\f@ncyO@erf=\skip53
\f@ncyO@olf=\skip54
\f@ncyO@orf=\skip55
)
(/usr/local/texlive/2016/texmf-dist/tex/latex/graphics/graphicx.sty
Package: graphicx 2014/10/28 v1.0g Enhanced LaTeX Graphics (DPC,SPQR)

(/usr/local/texlive/2016/texmf-dist/tex/latex/graphics/keyval.sty
Package: keyval 2014/10/28 v1.15 key=value parser (DPC)
\KV@toks@=\toks27
)
(/usr/local/texlive/2016/texmf-dist/tex/latex/graphics/graphics.sty
Package: graphics 2016/05/09 v1.0r Standard LaTeX Graphics (DPC,SPQR)

(/usr/local/texlive/2016/texmf-dist/tex/latex/graphics/trig.sty
Package: trig 2016/01/03 v1.10 sin cos tan (DPC)
)
(/usr/local/texlive/2016/texmf-dist/tex/latex/graphics-cfg/graphics.cfg
File: graphics.cfg 2016/01/02 v1.10 sample graphics configuration
)
Package graphics Info: Driver file: pdftex.def on input line 96.

(/usr/local/texlive/2016/texmf-dist/tex/latex/pdftex-def/pdftex.def
File: pdftex.def 2011/05/27 v0.06d Graphics/color for pdfTeX

(/usr/local/texlive/2016/texmf-dist/tex/generic/oberdiek/infwarerr.sty
Package: infwarerr 2016/05/16 v1.4 Providing info/warning/error messages (HO)
)
(/usr/local/texlive/2016/texmf-dist/tex/generic/oberdiek/ltxcmds.sty
Package: ltxcmds 2016/05/16 v1.23 LaTeX kernel commands for general use (HO)
)
\Gread@gobject=\count91
))
\Gin@req@height=\dimen117
\Gin@req@width=\dimen118
)
(/usr/local/texlive/2016/texmf-dist/tex/latex/eso-pic/eso-pic.sty
Package: eso-pic 2015/07/21 v2.0g eso-pic (RN)

(/usr/local/texlive/2016/texmf-dist/tex/generic/oberdiek/atbegshi.sty
Package: atbegshi 2016/05/16 v1.17 At begin shipout hook (HO)
)
(/usr/local/texlive/2016/texmf-dist/tex/latex/xcolor/xcolor.sty
Package: xcolor 2016/05/11 v2.12 LaTeX color extensions (UK)

(/usr/local/texlive/2016/texmf-dist/tex/latex/graphics-cfg/color.cfg
File: color.cfg 2016/01/02 v1.6 sample color configuration
)
Package xcolor Info: Driver file: pdftex.def on input line 225.
Package xcolor Info: Model `cmy' substituted by `cmy0' on input line 1348.
Package xcolor Info: Model `hsb' substituted by `rgb' on input line 1352.
Package xcolor Info: Model `RGB' extended on input line 1364.
Package xcolor Info: Model `HTML' substituted by `rgb' on input line 1366.
Package xcolor Info: Model `Hsb' substituted by `hsb' on input line 1367.
Package xcolor Info: Model `tHsb' substituted by `hsb' on input line 1368.
Package xcolor Info: Model `HSB' substituted by `hsb' on input line 1369.
Package xcolor Info: Model `Gray' substituted by `gray' on input line 1370.
Package xcolor Info: Model `wave' substituted by `hsb' on input line 1371.
))
(./woo10.clo
File: woo10.clo 2004/02/16 v1.4f Standard LaTeX file (size option)
)
(/usr/local/texlive/2016/texmf-dist/tex/latex/geometry/geometry.sty
Package: geometry 2010/09/12 v5.6 Page Geometry

(/usr/local/texlive/2016/texmf-dist/tex/generic/oberdiek/ifvtex.sty
Package: ifvtex 2016/05/16 v1.6 Detect VTeX and its facilities (HO)
Package ifvtex Info: VTeX not detected.
)
\Gm@cnth=\count92
\Gm@cntv=\count93
\c@Gm@tempcnt=\count94
\Gm@bindingoffset=\dimen119
\Gm@wd@mp=\dimen120
\Gm@odd@mp=\dimen121
\Gm@even@mp=\dimen122
\Gm@layoutwidth=\dimen123
\Gm@layoutheight=\dimen124
\Gm@layouthoffset=\dimen125
\Gm@layoutvoffset=\dimen126
\Gm@dimlist=\toks28
)
\c@part=\count95
\c@chapter=\count96
\c@section=\count97
\c@subsection=\count98
\c@subsubsection=\count99
\c@paragraph=\count100
\c@subparagraph=\count101
\c@figure=\count102
\c@table=\count103
\abovecaptionskip=\skip56
\belowcaptionskip=\skip57

(/usr/local/texlive/2016/texmf-dist/tex/latex/listings/listings.sty
\lst@mode=\count104
\lst@gtempboxa=\box29
\lst@token=\toks29
\lst@length=\count105
\lst@currlwidth=\dimen127
\lst@column=\count106
\lst@pos=\count107
\lst@lostspace=\dimen128
\lst@width=\dimen129
\lst@newlines=\count108
\lst@lineno=\count109
\lst@maxwidth=\dimen130

(/usr/local/texlive/2016/texmf-dist/tex/latex/listings/lstmisc.sty
File: lstmisc.sty 2015/06/04 1.6 (Carsten Heinz)
\c@lstnumber=\count110
\lst@skipnumbers=\count111
\lst@framebox=\box30
)
(/usr/local/texlive/2016/texmf-dist/tex/latex/listings/listings.cfg
File: listings.cfg 2015/06/04 1.6 listings configuration
))
Package: listings 2015/06/04 1.6 (Carsten Heinz)
\bibindent=\dimen131

(/usr/local/texlive/2016/texmf-dist/tex/latex/base/ifthen.sty
Package: ifthen 2014/09/29 v1.1c Standard LaTeX ifthen package (DPC)
)
(/usr/local/texlive/2016/texmf-dist/tex/latex/natbib/natbib.sty
Package: natbib 2010/09/13 8.31b (PWD, AO)
\bibhang=\skip58
\bibsep=\skip59
LaTeX Info: Redefining \cite on input line 694.
\c@NAT@ctr=\count112
)
! Undefined control sequence.
\set@color ...\@pdfcolorstack push{\current@color 
                                                  }\aftergroup \reset@color 
l.1684   \onecolumn
                   
The control sequence at the end of the top line
of your error message was never \def'ed. If you have
misspelled it (e.g., `\hobx'), type `I' and the correct
spelling (e.g., `I\hbox'). Otherwise just continue,
and I'll forget about whatever was undefined.

! Undefined control sequence.
\set@color ...\@pdfcolorstack push{\current@color 
                                                  }\aftergroup \reset@color 
l.1684   \onecolumn
                   
The control sequence at the end of the top line
of your error message was never \def'ed. If you have
misspelled it (e.g., `\hobx'), type `I' and the correct
spelling (e.g., `I\hbox'). Otherwise just continue,
and I'll forget about whatever was undefined.

[1{/usr/local/texlive/2016/texmf-var/fonts/map/pdftex/updmap/pdftex.map}]
(/usr/local/texlive/2016/texmf-dist/tex/latex/base/makeidx.sty
Package: makeidx 2014/09/29 v1.0m Standard LaTeX package
)
(/usr/local/texlive/2016/texmf-dist/tex/latex/tools/verbatim.sty
Package: verbatim 2014/10/28 v1.5q LaTeX2e package for verbatim enhancements
\every@verbatim=\toks30
\verbatim@line=\toks31
\verbatim@in@stream=\read1
)
(/usr/local/texlive/2016/texmf-dist/tex/latex/lettrine/lettrine.sty
File: lettrine.sty 2015/08/31 v1.9 (Daniel Flipo)
\c@DefaultLines=\count113
\c@DefaultDepth=\count114
\DefaultFindent=\dimen132
\DefaultNindent=\dimen133
\DefaultSlope=\dimen134
\DiscardVskip=\dimen135
\L@lbox=\box31
\L@tbox=\box32
\c@L@lines=\count115
\c@L@depth=\count116
\L@Pindent=\dimen136
\L@Findent=\dimen137
\L@Nindent=\dimen138
\L@lraise=\dimen139
\L@first=\dimen140
\L@next=\dimen141
\L@slope=\dimen142
\L@height=\dimen143
\L@novskip=\dimen144
\LettrineWidth=\dimen145
\LettrineHeight=\dimen146
\LettrineDepth=\dimen147

Loading lettrine.cfg
(/usr/local/texlive/2016/texmf-dist/tex/latex/lettrine/lettrine.cfg))
(./styles/woofncychap.sty
Package: styles/woofncychap 2004/03/26 v1.0 LaTeX package (Revised chapters) an
 alteration of fncychap by Jon Breitenbucher
\RW=\skip60
\mylen=\skip61
\myhi=\skip62
\px=\skip63
\py=\skip64
\pyy=\skip65
\pxx=\skip66
) (./styles/woolshort.sty
Package: styles/woolshort 

(/usr/local/texlive/2016/texmf-dist/tex/latex/tools/calc.sty
Package: calc 2014/10/28 v4.3 Infix arithmetic (KKT,FJ)
\calc@Acount=\count117
\calc@Bcount=\count118
\calc@Adimen=\dimen148
\calc@Bdimen=\dimen149
\calc@Askip=\skip67
\calc@Bskip=\skip68
LaTeX Info: Redefining \setlength on input line 80.
LaTeX Info: Redefining \addtolength on input line 81.
\calc@Ccount=\count119
\calc@Cskip=\skip69
)
\symbbox=\box33

(/usr/local/texlive/2016/texmf-dist/tex/latex/amsfonts/eucal.sty
Package: eucal 2009/06/22 v3.00 Euler Script fonts
LaTeX Font Info:    Overwriting math alphabet `\EuScript' in version `bold'
(Font)                  U/eus/m/n --> U/eus/b/n on input line 33.
)
(/usr/local/texlive/2016/texmf-dist/tex/latex/amsfonts/eufrak.sty

Package eufrak Warning: The eufrak package is redundant if the amsfonts package
 is used on input line 36.

)
\example@out=\write3
\c@exacnt=\count120
\savefboxrule=\skip70
\savefboxsep=\skip71
\outdent=\skip72
) (/usr/local/texlive/2016/texmf-dist/tex/latex/base/fontenc.sty
Package: fontenc 2005/09/27 v1.99g Standard LaTeX package

(/usr/local/texlive/2016/texmf-dist/tex/latex/base/t1enc.def
File: t1enc.def 2005/09/27 v1.99g Standard LaTeX file
LaTeX Font Info:    Redeclaring font encoding T1 on input line 48.
))
(/usr/local/texlive/2016/texmf-dist/tex/latex/pxfonts/pxfonts.sty
Package: pxfonts 2008/01/22 v1.1.1
LaTeX Font Info:    Redeclaring symbol font `operators' on input line 21.
LaTeX Font Info:    Overwriting symbol font `operators' in version `normal'
(Font)                  OT1/cmr/m/n --> OT1/pxr/m/n on input line 21.
LaTeX Font Info:    Overwriting symbol font `operators' in version `bold'
(Font)                  OT1/cmr/bx/n --> OT1/pxr/m/n on input line 21.
LaTeX Font Info:    Overwriting symbol font `operators' in version `bold'
(Font)                  OT1/pxr/m/n --> OT1/pxr/bx/n on input line 22.
\symitalic=\mathgroup6
LaTeX Font Info:    Overwriting symbol font `italic' in version `bold'
(Font)                  OT1/pxr/m/it --> OT1/pxr/bx/it on input line 26.
LaTeX Font Info:    Redeclaring math alphabet \mathbf on input line 29.
LaTeX Font Info:    Overwriting math alphabet `\mathbf' in version `normal'
(Font)                  OT1/cmr/bx/n --> OT1/pxr/bx/n on input line 29.
LaTeX Font Info:    Overwriting math alphabet `\mathbf' in version `bold'
(Font)                  OT1/cmr/bx/n --> OT1/pxr/bx/n on input line 29.
LaTeX Font Info:    Redeclaring math alphabet \mathit on input line 30.
LaTeX Font Info:    Overwriting math alphabet `\mathit' in version `normal'
(Font)                  OT1/cmr/m/it --> OT1/pxr/m/it on input line 30.
LaTeX Font Info:    Overwriting math alphabet `\mathit' in version `bold'
(Font)                  OT1/cmr/bx/it --> OT1/pxr/m/it on input line 30.
LaTeX Font Info:    Overwriting math alphabet `\mathit' in version `bold'
(Font)                  OT1/pxr/m/it --> OT1/pxr/bx/it on input line 31.
LaTeX Font Info:    Redeclaring math alphabet \mathsf on input line 40.
LaTeX Font Info:    Overwriting math alphabet `\mathsf' in version `normal'
(Font)                  OT1/cmss/m/n --> OT1/pxss/m/n on input line 40.
LaTeX Font Info:    Overwriting math alphabet `\mathsf' in version `bold'
(Font)                  OT1/cmss/bx/n --> OT1/pxss/m/n on input line 40.
LaTeX Font Info:    Overwriting math alphabet `\mathsf' in version `bold'
(Font)                  OT1/pxss/m/n --> OT1/pxss/b/n on input line 41.
LaTeX Font Info:    Redeclaring math alphabet \mathtt on input line 50.
LaTeX Font Info:    Overwriting math alphabet `\mathtt' in version `normal'
(Font)                  OT1/cmtt/m/n --> OT1/pxtt/m/n on input line 50.
LaTeX Font Info:    Overwriting math alphabet `\mathtt' in version `bold'
(Font)                  OT1/cmtt/m/n --> OT1/pxtt/m/n on input line 50.
LaTeX Font Info:    Overwriting math alphabet `\mathtt' in version `bold'
(Font)                  OT1/pxtt/m/n --> OT1/pxtt/b/n on input line 51.
LaTeX Font Info:    Redeclaring symbol font `letters' on input line 58.
LaTeX Font Info:    Overwriting symbol font `letters' in version `normal'
(Font)                  OML/cmm/m/it --> OML/pxmi/m/it on input line 58.
LaTeX Font Info:    Overwriting symbol font `letters' in version `bold'
(Font)                  OML/cmm/b/it --> OML/pxmi/m/it on input line 58.
LaTeX Font Info:    Overwriting symbol font `letters' in version `bold'
(Font)                  OML/pxmi/m/it --> OML/pxmi/bx/it on input line 59.
\symlettersA=\mathgroup7
LaTeX Font Info:    Overwriting symbol font `lettersA' in version `bold'
(Font)                  U/pxmia/m/it --> U/pxmia/bx/it on input line 67.
LaTeX Font Info:    Redeclaring math alphabet \mathfrak on input line 70.
LaTeX Font Info:    Redeclaring symbol font `symbols' on input line 77.
LaTeX Font Info:    Overwriting symbol font `symbols' in version `normal'
(Font)                  OMS/cmsy/m/n --> OMS/pxsy/m/n on input line 77.
LaTeX Font Info:    Overwriting symbol font `symbols' in version `bold'
(Font)                  OMS/cmsy/b/n --> OMS/pxsy/m/n on input line 77.
LaTeX Font Info:    Overwriting symbol font `symbols' in version `bold'
(Font)                  OMS/pxsy/m/n --> OMS/pxsy/bx/n on input line 78.
LaTeX Font Info:    Redeclaring symbol font `AMSa' on input line 93.
LaTeX Font Info:    Overwriting symbol font `AMSa' in version `normal'
(Font)                  U/msa/m/n --> U/pxsya/m/n on input line 93.
LaTeX Font Info:    Overwriting symbol font `AMSa' in version `bold'
(Font)                  U/msa/m/n --> U/pxsya/m/n on input line 93.
LaTeX Font Info:    Overwriting symbol font `AMSa' in version `bold'
(Font)                  U/pxsya/m/n --> U/pxsya/bx/n on input line 94.
LaTeX Font Info:    Redeclaring symbol font `AMSb' on input line 102.
LaTeX Font Info:    Overwriting symbol font `AMSb' in version `normal'
(Font)                  U/msb/m/n --> U/pxsyb/m/n on input line 102.
LaTeX Font Info:    Overwriting symbol font `AMSb' in version `bold'
(Font)                  U/msb/m/n --> U/pxsyb/m/n on input line 102.
LaTeX Font Info:    Overwriting symbol font `AMSb' in version `bold'
(Font)                  U/pxsyb/m/n --> U/pxsyb/bx/n on input line 103.
\symsymbolsC=\mathgroup8
LaTeX Font Info:    Overwriting symbol font `symbolsC' in version `bold'
(Font)                  U/pxsyc/m/n --> U/pxsyc/bx/n on input line 113.
LaTeX Font Info:    Redeclaring symbol font `largesymbols' on input line 120.
LaTeX Font Info:    Overwriting symbol font `largesymbols' in version `normal'
(Font)                  OMX/cmex/m/n --> OMX/pxex/m/n on input line 120.
LaTeX Font Info:    Overwriting symbol font `largesymbols' in version `bold'
(Font)                  OMX/cmex/m/n --> OMX/pxex/m/n on input line 120.
LaTeX Font Info:    Overwriting symbol font `largesymbols' in version `bold'
(Font)                  OMX/pxex/m/n --> OMX/pxex/bx/n on input line 121.
\symlargesymbolsA=\mathgroup9
LaTeX Font Info:    Overwriting symbol font `largesymbolsA' in version `bold'
(Font)                  U/pxexa/m/n --> U/pxexa/bx/n on input line 129.
LaTeX Info: Redefining \not on input line 997.
LaTeX Info: Redefining \textsquare on input line 1017.
LaTeX Info: Redefining \openbox on input line 1018.
)
(/usr/local/texlive/2016/texmf-dist/tex/latex/wrapfig/wrapfig.sty
\wrapoverhang=\dimen150
\WF@size=\dimen151
\c@WF@wrappedlines=\count121
\WF@box=\box34
\WF@everypar=\toks32
Package: wrapfig 2003/01/31  v 3.6
)
(/usr/local/texlive/2016/texmf-dist/tex/latex/float/float.sty
Package: float 2001/11/08 v1.3d Float enhancements (AL)
\c@float@type=\count122
\float@exts=\toks33
\float@box=\box35
\@float@everytoks=\toks34
\@floatcapt=\box36
)
(/usr/local/texlive/2016/texmf-dist/tex/latex/caption/caption.sty
Package: caption 2016/02/21 v3.3-144 Customizing captions (AR)

(/usr/local/texlive/2016/texmf-dist/tex/latex/caption/caption3.sty
Package: caption3 2016/02/04 v1.7-139 caption3 kernel (AR)
Package caption3 Info: TeX engine: e-TeX on input line 67.
\captionmargin=\dimen152
\captionmargin@=\dimen153
\captionwidth=\dimen154
\caption@tempdima=\dimen155
\caption@indent=\dimen156
\caption@parindent=\dimen157
\caption@hangindent=\dimen158
Package caption Info: Unknown document class (or package),
(caption)             standard defaults will be used.
)

Package caption Warning: Unsupported document class (or package) detected,
(caption)                usage of the caption package is not recommended.
See the caption package documentation for explanation.

Package caption Info: \@makecaption = \long macro:#1#2->\small \vskip \abovecap
tionskip \sbox \@tempboxa {#1: #2}\ifdim \wd \@tempboxa >\hsize {\def \baseline
stretch {1}\normalsize \sbox \@tempboxa {#1: }\@setpar {\@@par \@tempdima = \hs
ize \advance \@tempdima -\wd \@tempboxa \parshape \@ne 1\wd \@tempboxa \@tempdi
ma }\par \parindent 0pt\noindent \hbox to \z@ {\hss #1: }#2\par }\else \global 
\@minipagefalse \hbox to\hsize {\hfil \box \@tempboxa \hfil }\fi \vskip \belowc
aptionskip .
\c@ContinuedFloat=\count123
Package caption Info: float package is loaded.
Package caption Info: listings package is loaded.
Package caption Info: wrapfig package is loaded.
) (/usr/local/texlive/2016/texmf-dist/tex/latex/subfigure/subfigure.sty
Package: subfigure 2002/03/15 v2.1.5 subfigure package
\subfigtopskip=\skip73
\subfigcapskip=\skip74
\subfigcaptopadj=\dimen159
\subfigbottomskip=\skip75
\subfigcapmargin=\dimen160
\subfiglabelskip=\skip76
\c@subfigure=\count124
\c@lofdepth=\count125
\c@subtable=\count126
\c@lotdepth=\count127

****************************************
* Local config file subfigure.cfg used *
****************************************
(/usr/local/texlive/2016/texmf-dist/tex/latex/subfigure/subfigure.cfg)
\subfig@top=\skip77
\subfig@bottom=\skip78
)
(/usr/local/texlive/2016/texmf-dist/tex/latex/microtype/microtype.sty
Package: microtype 2016/05/14 v2.6a Micro-typographical refinements (RS)
\MT@toks=\toks35
\MT@count=\count128
LaTeX Info: Redefining \textls on input line 774.
\MT@outer@kern=\dimen161
LaTeX Info: Redefining \textmicrotypecontext on input line 1310.
\MT@listname@count=\count129

(/usr/local/texlive/2016/texmf-dist/tex/latex/microtype/microtype-pdftex.def
File: microtype-pdftex.def 2016/05/14 v2.6a Definitions specific to pdftex (RS)

LaTeX Info: Redefining \lsstyle on input line 916.
LaTeX Info: Redefining \lslig on input line 916.
\MT@outer@space=\skip79
)
Package microtype Info: Loading configuration file microtype.cfg.

(/usr/local/texlive/2016/texmf-dist/tex/latex/microtype/microtype.cfg
File: microtype.cfg 2016/05/14 v2.6a microtype main configuration file (RS)
))
(/usr/local/texlive/2016/texmf-dist/tex/latex/hyperref/hyperref.sty
Package: hyperref 2016/05/05 v6.83n Hypertext links for LaTeX

(/usr/local/texlive/2016/texmf-dist/tex/generic/oberdiek/hobsub-hyperref.sty
Package: hobsub-hyperref 2016/05/16 v1.14 Bundle oberdiek, subset hyperref (HO)


(/usr/local/texlive/2016/texmf-dist/tex/generic/oberdiek/hobsub-generic.sty
Package: hobsub-generic 2016/05/16 v1.14 Bundle oberdiek, subset generic (HO)
Package: hobsub 2016/05/16 v1.14 Construct package bundles (HO)
Package hobsub Info: Skipping package `infwarerr' (already loaded).
Package hobsub Info: Skipping package `ltxcmds' (already loaded).
Package: ifluatex 2016/05/16 v1.4 Provides the ifluatex switch (HO)
Package ifluatex Info: LuaTeX not detected.
Package hobsub Info: Skipping package `ifvtex' (already loaded).
Package: intcalc 2016/05/16 v1.2 Expandable calculations with integers (HO)
Package hobsub Info: Skipping package `ifpdf' (already loaded).
Package: etexcmds 2016/05/16 v1.6 Avoid name clashes with e-TeX commands (HO)
Package etexcmds Info: Could not find \expanded.
(etexcmds)             That can mean that you are not using pdfTeX 1.50 or
(etexcmds)             that some package has redefined \expanded.
(etexcmds)             In the latter case, load this package earlier.
Package: kvsetkeys 2016/05/16 v1.17 Key value parser (HO)
Package: kvdefinekeys 2016/05/16 v1.4 Define keys (HO)
Package: pdftexcmds 2016/05/10 v0.21 Utility functions of pdfTeX for LuaTeX (HO
)
Package pdftexcmds Info: LuaTeX not detected.
Package pdftexcmds Info: \pdf@primitive is available.
Package pdftexcmds Info: \pdf@ifprimitive is available.
Package pdftexcmds Info: \pdfdraftmode found.
Package: pdfescape 2016/05/16 v1.14 Implements pdfTeX's escape features (HO)
Package: bigintcalc 2016/05/16 v1.4 Expandable calculations on big integers (HO
)
Package: bitset 2016/05/16 v1.2 Handle bit-vector datatype (HO)
Package: uniquecounter 2016/05/16 v1.3 Provide unlimited unique counter (HO)
)
Package hobsub Info: Skipping package `hobsub' (already loaded).
Package: letltxmacro 2016/05/16 v1.5 Let assignment for LaTeX macros (HO)
Package: hopatch 2016/05/16 v1.3 Wrapper for package hooks (HO)
Package: xcolor-patch 2016/05/16 xcolor patch
Package: atveryend 2016/05/16 v1.9 Hooks at the very end of document (HO)
Package atveryend Info: \enddocument detected (standard20110627).
Package hobsub Info: Skipping package `atbegshi' (already loaded).
Package: refcount 2016/05/16 v3.5 Data extraction from label references (HO)
Package: hycolor 2016/05/16 v1.8 Color options for hyperref/bookmark (HO)
)
(/usr/local/texlive/2016/texmf-dist/tex/latex/oberdiek/auxhook.sty
Package: auxhook 2016/05/16 v1.4 Hooks for auxiliary files (HO)
)
(/usr/local/texlive/2016/texmf-dist/tex/latex/oberdiek/kvoptions.sty
Package: kvoptions 2016/05/16 v3.12 Key value format for package options (HO)
)
\@linkdim=\dimen162
\Hy@linkcounter=\count130
\Hy@pagecounter=\count131

(/usr/local/texlive/2016/texmf-dist/tex/latex/hyperref/pd1enc.def
File: pd1enc.def 2016/05/05 v6.83n Hyperref: PDFDocEncoding definition (HO)
)
\Hy@SavedSpaceFactor=\count132

(/usr/local/texlive/2016/texmf-dist/tex/latex/latexconfig/hyperref.cfg
File: hyperref.cfg 2002/06/06 v1.2 hyperref configuration of TeXLive
)
Package hyperref Info: Option `pdfusetitle' set `true' on input line 4322.
Package hyperref Info: Option `bookmarks' set `true' on input line 4322.
Package hyperref Info: Option `bookmarksopen' set `true' on input line 4322.
Package hyperref Info: Option `colorlinks' set `true' on input line 4322.
Package hyperref Info: Option `plainpages' set `false' on input line 4322.
Package hyperref Info: Option `linktocpage' set `true' on input line 4322.
Package hyperref Info: Option `pdfpagelabels' set `true' on input line 4322.
Package hyperref Info: Option `hyperindex' set `true' on input line 4322.
Package hyperref Info: Option `breaklinks' set `true' on input line 4322.
Package hyperref Info: Hyper figures OFF on input line 4446.
Package hyperref Info: Link nesting OFF on input line 4451.
Package hyperref Info: Hyper index ON on input line 4454.
Package hyperref Info: Plain pages OFF on input line 4461.
Package hyperref Info: Backreferencing ON on input line 4464.
Package hyperref Info: Implicit mode ON; LaTeX internals redefined.
Package hyperref Info: Bookmarks ON on input line 4691.

(/usr/local/texlive/2016/texmf-dist/tex/latex/hyperref/backref.sty
Package: backref 2012/07/25 v1.38 Bibliographical back referencing

(/usr/local/texlive/2016/texmf-dist/tex/latex/oberdiek/rerunfilecheck.sty
Package: rerunfilecheck 2016/05/16 v1.8 Rerun checks for auxiliary files (HO)
Package uniquecounter Info: New unique counter `rerunfilecheck' on input line 2
82.
))
\c@Hy@tempcnt=\count133

(/usr/local/texlive/2016/texmf-dist/tex/latex/url/url.sty
\Urlmuskip=\muskip11
Package: url 2013/09/16  ver 3.4  Verb mode for urls, etc.
)
LaTeX Info: Redefining \url on input line 5044.
\XeTeXLinkMargin=\dimen163
\Fld@menulength=\count134
\Field@Width=\dimen164
\Fld@charsize=\dimen165
Package hyperref Info: Hyper figures OFF on input line 6298.
Package hyperref Info: Link nesting OFF on input line 6303.
Package hyperref Info: Hyper index ON on input line 6306.
Package hyperref Info: backreferencing ON on input line 6311.
Package hyperref Info: Link coloring ON on input line 6316.
Package hyperref Info: Link coloring with OCG OFF on input line 6323.
Package hyperref Info: PDF/A mode OFF on input line 6328.
LaTeX Info: Redefining \ref on input line 6368.
LaTeX Info: Redefining \pageref on input line 6372.
\Hy@abspage=\count135
\c@Item=\count136
\c@Hfootnote=\count137
)

Package hyperref Message: Driver: hpdftex.

(/usr/local/texlive/2016/texmf-dist/tex/latex/hyperref/hpdftex.def
File: hpdftex.def 2016/05/05 v6.83n Hyperref driver for pdfTeX
\Fld@listcount=\count138
\c@bookmark@seq@number=\count139
\Hy@SectionHShift=\skip80
)
*** Warning: The hyperref package has been loaded. Loading any packages after t
his could interfere with the hyperref package***
) (./styles/packages.tex) (./styles/personal.tex
\c@unnumft=\count140
) (./styles/theorems.tex
\c@thm=\count141
\c@cor=\count142
\c@lem=\count143
\c@prop=\count144
\c@defn=\count145
\c@rem=\count146
\c@ex=\count147
\c@note=\count148
\c@nts=\count149
\c@terminology=\count150
\c@bdefn=\count151
\fmbox=\box37
)
\@indexfile=\write4
\openout4 = `username.idx'.


Writing index file username.idx
(./username.aux

LaTeX Warning: Label `overflow' multiply defined.


LaTeX Warning: Label `overflow' multiply defined.

)
\openout1 = `username.aux'.

LaTeX Font Info:    Checking defaults for OML/pxmi/m/it on input line 93.
LaTeX Font Info:    Try loading font information for OML+pxmi on input line 93.

 (/usr/local/texlive/2016/texmf-dist/tex/latex/pxfonts/omlpxmi.fd
File: omlpxmi.fd 2000/12/14 v1.0
)
LaTeX Font Info:    ... okay on input line 93.
LaTeX Font Info:    Checking defaults for T1/cmr/m/n on input line 93.
LaTeX Font Info:    ... okay on input line 93.
LaTeX Font Info:    Checking defaults for OT1/cmr/m/n on input line 93.
LaTeX Font Info:    ... okay on input line 93.
LaTeX Font Info:    Checking defaults for OMS/pxsy/m/n on input line 93.
LaTeX Font Info:    Try loading font information for OMS+pxsy on input line 93.


(/usr/local/texlive/2016/texmf-dist/tex/latex/pxfonts/omspxsy.fd
File: omspxsy.fd 2000/12/14 v1.0
)
LaTeX Font Info:    ... okay on input line 93.
LaTeX Font Info:    Checking defaults for OMX/pxex/m/n on input line 93.
LaTeX Font Info:    Try loading font information for OMX+pxex on input line 93.


(/usr/local/texlive/2016/texmf-dist/tex/latex/pxfonts/omxpxex.fd
File: omxpxex.fd 2000/12/14 v1.0
)
LaTeX Font Info:    ... okay on input line 93.
LaTeX Font Info:    Checking defaults for U/pxexa/m/n on input line 93.
LaTeX Font Info:    Try loading font information for U+pxexa on input line 93.

(/usr/local/texlive/2016/texmf-dist/tex/latex/pxfonts/upxexa.fd
File: upxexa.fd 2000/12/14 v1.0
)
LaTeX Font Info:    ... okay on input line 93.
LaTeX Font Info:    Checking defaults for PD1/pdf/m/n on input line 93.
LaTeX Font Info:    ... okay on input line 93.
LaTeX Font Info:    Try loading font information for T1+pxr on input line 93.

(/usr/local/texlive/2016/texmf-dist/tex/latex/pxfonts/t1pxr.fd
File: t1pxr.fd 2000/12/14 v1.0
)
(/usr/local/texlive/2016/texmf-dist/tex/context/base/mkii/supp-pdf.mkii
[Loading MPS to PDF converter (version 2006.09.02).]
\scratchcounter=\count152
\scratchdimen=\dimen166
\scratchbox=\box38
\nofMPsegments=\count153
\nofMParguments=\count154
\everyMPshowfont=\toks36
\MPscratchCnt=\count155
\MPscratchDim=\dimen167
\MPnumerator=\count156
\makeMPintoPDFobject=\count157
\everyMPtoPDFconversion=\toks37
) (/usr/local/texlive/2016/texmf-dist/tex/latex/oberdiek/epstopdf-base.sty
Package: epstopdf-base 2016/05/15 v2.6 Base part for package epstopdf

(/usr/local/texlive/2016/texmf-dist/tex/latex/oberdiek/grfext.sty
Package: grfext 2016/05/16 v1.2 Manage graphics extensions (HO)
)
Package grfext Info: Graphics extension search list:
(grfext)             [.pdf,.jpg,.tif,.eps]
(grfext)             \AppendGraphicsExtensions on input line 456.

(/usr/local/texlive/2016/texmf-dist/tex/latex/latexconfig/epstopdf-sys.cfg
File: epstopdf-sys.cfg 2010/07/13 v1.3 Configuration of (r)epstopdf for TeX Liv
e
))
\AtBeginShipoutBox=\box39

*geometry* driver: auto-detecting
*geometry* detected driver: pdftex
*geometry* verbose mode - [ preamble ] result:
* driver: pdftex
* paper: letterpaper
* layout: <same size as paper>
* layoutoffset:(h,v)=(0.0pt,0.0pt)
* modes: 
* h-part:(L,W,R)=(108.405pt, 433.62001pt, 72.26999pt)
* v-part:(T,H,B)=(72.26999pt, 650.43001pt, 72.26999pt)
* \paperwidth=614.295pt
* \paperheight=794.96999pt
* \textwidth=433.62001pt
* \textheight=650.43001pt
* \oddsidemargin=36.13501pt
* \evensidemargin=36.13501pt
* \topmargin=-30.06749pt
* \headheight=12.0pt
* \headsep=18.06749pt
* \topskip=10.0pt
* \footskip=25.29494pt
* \marginparwidth=43.36243pt
* \marginparsep=7.0pt
* \columnsep=10.0pt
* \skip\footins=9.0pt plus 4.0pt minus 2.0pt
* \hoffset=0.0pt
* \voffset=0.0pt
* \mag=1000
* \@twocolumnfalse
* \@twosidefalse
* \@mparswitchfalse
* \@reversemarginfalse
* (1in=72.27pt=25.4mm, 1cm=28.453pt)

\c@lstlisting=\count158
Package caption Info: Begin \AtBeginDocument code.
Package caption Info: hyperref package is loaded.
Package caption Info: subfigure package is loaded.
Package caption Info: End \AtBeginDocument code.
LaTeX Info: Redefining \microtypecontext on input line 93.
Package microtype Info: Generating PDF output.
Package microtype Info: Character protrusion enabled (level 2).
Package microtype Info: Using default protrusion set `alltext'.
Package microtype Info: Automatic font expansion enabled (level 2),
(microtype)             stretch: 20, shrink: 20, step: 1, non-selected.
Package microtype Info: Using expansion set `alltext'.
Package microtype Info: No adjustment of tracking.
Package microtype Info: No adjustment of interword spacing.
Package microtype Info: No adjustment of character kerning.
Package microtype Info: ... No configuration file mt-pxr.cfg.
Package microtype Info: ... Loading configuration file mt-ppl.cfg.
(/usr/local/texlive/2016/texmf-dist/tex/latex/microtype/mt-ppl.cfg
File: mt-ppl.cfg 2005/11/16 v1.6 microtype config. file: Palatino (RS)
)
Package microtype Info: Setting up font `T1/pxr/m/n/10' on input line 93.
Package microtype Info: ... Loading protrusion list `ppl-T1'.
Package microtype Info: ... : First loading protrusion list `ppl-default'.
Package microtype Info: ... Applying non-selected expansion (list `default').
Package backref Info: ** backref set up for natbib ** on input line 93.
Package hyperref Info: Link coloring ON on input line 93.

(/usr/local/texlive/2016/texmf-dist/tex/latex/hyperref/nameref.sty
Package: nameref 2012/10/27 v2.43 Cross-referencing by name of section

(/usr/local/texlive/2016/texmf-dist/tex/generic/oberdiek/gettitlestring.sty
Package: gettitlestring 2016/05/16 v1.5 Cleanup title references (HO)
)
\c@section@level=\count159
)
LaTeX Info: Redefining \ref on input line 93.
LaTeX Info: Redefining \pageref on input line 93.
LaTeX Info: Redefining \nameref on input line 93.

(./username.out) (./username.out)
\@outlinefile=\write5
\openout5 = `username.out'.

Package microtype Info: Setting up font `T1/pxr/m/sc/10' on input line 102.
Package microtype Info: ... Loading protrusion list `ppl-sc-T1'.
Package microtype Info: ... : First loading protrusion list `ppl-T1'.
Package microtype Info: ... : First loading protrusion list `ppl-default'.
Package microtype Info: ... Applying non-selected expansion (list `default').
Package microtype Info: Setting up font `T1/pxr/m/sc/14.4' on input line 102.
Package microtype Info: ... Loading protrusion list `ppl-sc-T1'.
Package microtype Info: ... : First loading protrusion list `ppl-T1'.
Package microtype Info: ... : First loading protrusion list `ppl-default'.
Package microtype Info: ... Applying non-selected expansion (list `default').
Package microtype Info: Setting up font `T1/pxr/bx/n/10' on input line 102.
Package microtype Info: ... Loading protrusion list `ppl-T1'.
Package microtype Info: ... : First loading protrusion list `ppl-default'.
Package microtype Info: ... Applying non-selected expansion (list `default').

Overfull \hbox (2.50375pt too wide) in paragraph at lines 102--102
  [] 
 []

<./figures/kauke_arch_gray.pdf, id=128, 202.3556pt x 289.08pt>
File: ./figures/kauke_arch_gray.pdf Graphic file (type pdf)

<use ./figures/kauke_arch_gray.pdf>
Package pdftex.def Info: ./figures/kauke_arch_gray.pdf used on input line 102.
(pdftex.def)             Requested size: 556.50735pt x 795.01213pt.
 [1



 <./figures/kauke_arch_gray.pdf>]pdfTeX warning (ext4): destination with the sa
me identifier (name{page.i}) has been already used, duplicate ignored
<to be read again> 
                   \relax 
l.103 ...rpage\thispagestyle{empty}\null\clearpage
                                                   [1

]
<./figures/kauke_wordmark.pdf, id=167, 320.06438pt x 398.97574pt>
File: ./figures/kauke_wordmark.pdf Graphic file (type pdf)

<use ./figures/kauke_wordmark.pdf>
Package pdftex.def Info: ./figures/kauke_wordmark.pdf used on input line 104.
(pdftex.def)             Requested size: 128.02347pt x 159.58746pt.
LaTeX Font Info:    Try loading font information for OMS+pxr on input line 104.


(/usr/local/texlive/2016/texmf-dist/tex/latex/pxfonts/omspxr.fd
File: omspxr.fd 2000/12/14 v1.0
)
LaTeX Font Info:    Font shape `OMS/pxr/m/n' in size <10> not available
(Font)              Font shape `OMS/pxsy/m/n' tried instead on input line 104.
Package microtype Info: ... No configuration file mt-pxsy.cfg.
Package microtype Info: Setting up font `OMS/pxsy/m/n/10' on input line 104.
Package microtype Info: ... No protrusion.
Package microtype Info: ... No expansion.
 [2


 <./figures/kauke_wordmark.pdf>]
Package microtype Info: Setting up font `T1/pxr/m/sc/20' on input line 112.
Package microtype Info: ... Loading protrusion list `ppl-sc-T1'.
Package microtype Info: ... : First loading protrusion list `ppl-T1'.
Package microtype Info: ... : First loading protrusion list `ppl-default'.
Package microtype Info: ... Applying non-selected expansion (list `default').
 [3

] [4


] [5

] [6

] (./username.toc
LaTeX Font Info:    Try loading font information for OT1+pxr on input line 13.

(/usr/local/texlive/2016/texmf-dist/tex/latex/pxfonts/ot1pxr.fd
File: ot1pxr.fd 2000/12/14 v1.0
)
Package microtype Info: Setting up font `OT1/pxr/m/n/10' on input line 13.
Package microtype Info: ... Loading protrusion list `ppl-default'.
Package microtype Info: ... Applying non-selected expansion (list `default').
Package microtype Info: Setting up font `OT1/pxr/m/n/7' on input line 13.
Package microtype Info: ... Loading protrusion list `ppl-default'.
Package microtype Info: ... Applying non-selected expansion (list `default').
Package microtype Info: Setting up font `OT1/pxr/m/n/5' on input line 13.
Package microtype Info: ... Loading protrusion list `ppl-default'.
Package microtype Info: ... Applying non-selected expansion (list `default').
Package microtype Info: ... No configuration file mt-pxmi.cfg.
Package microtype Info: Setting up font `OML/pxmi/m/it/10' on input line 13.
Package microtype Info: ... No protrusion.
Package microtype Info: ... No expansion.
Package microtype Info: Setting up font `OML/pxmi/m/it/7' on input line 13.
Package microtype Info: ... No protrusion.
Package microtype Info: ... No expansion.
Package microtype Info: Setting up font `OML/pxmi/m/it/5' on input line 13.
Package microtype Info: ... No protrusion.
Package microtype Info: ... No expansion.
Package microtype Info: Setting up font `OMS/pxsy/m/n/7' on input line 13.
Package microtype Info: ... No protrusion.
Package microtype Info: ... No expansion.
Package microtype Info: Setting up font `OMS/pxsy/m/n/5' on input line 13.
Package microtype Info: ... No protrusion.
Package microtype Info: ... No expansion.
Package microtype Info: ... No configuration file mt-pxex.cfg.
Package microtype Info: Setting up font `OMX/pxex/m/n/10' on input line 13.
Package microtype Info: ... No protrusion.
Package microtype Info: ... No expansion.
Package microtype Info: Setting up font `OMX/pxex/m/n/7' on input line 13.
Package microtype Info: ... No protrusion.
Package microtype Info: ... No expansion.
Package microtype Info: Setting up font `OMX/pxex/m/n/5' on input line 13.
Package microtype Info: ... No protrusion.
Package microtype Info: ... No expansion.
LaTeX Font Info:    Try loading font information for U+pxsya on input line 13.

(/usr/local/texlive/2016/texmf-dist/tex/latex/pxfonts/upxsya.fd
File: upxsya.fd 2000/12/14 v1.0
)
Package microtype Info: Setting up font `U/pxsya/m/n/10' on input line 13.
Package microtype Info: ... No protrusion.
Package microtype Info: ... No expansion.
Package microtype Info: Setting up font `U/pxsya/m/n/7' on input line 13.
Package microtype Info: ... No protrusion.
Package microtype Info: ... No expansion.
Package microtype Info: Setting up font `U/pxsya/m/n/5' on input line 13.
Package microtype Info: ... No protrusion.
Package microtype Info: ... No expansion.
LaTeX Font Info:    Try loading font information for U+pxsyb on input line 13.

(/usr/local/texlive/2016/texmf-dist/tex/latex/pxfonts/upxsyb.fd
File: utxsyb.fd 2000/12/14 v1.0
)
Package microtype Info: ... No configuration file mt-pxsyb.cfg.
Package microtype Info: Setting up font `U/pxsyb/m/n/10' on input line 13.
Package microtype Info: ... No protrusion.
Package microtype Info: ... No expansion.
Package microtype Info: Setting up font `U/pxsyb/m/n/7' on input line 13.
Package microtype Info: ... No protrusion.
Package microtype Info: ... No expansion.
Package microtype Info: Setting up font `U/pxsyb/m/n/5' on input line 13.
Package microtype Info: ... No protrusion.
Package microtype Info: ... No expansion.
Package microtype Info: Setting up font `OT1/pxr/m/it/10' on input line 13.
Package microtype Info: ... Loading protrusion list `ppl-it'.
Package microtype Info: ... Applying non-selected expansion (list `default').
Package microtype Info: Setting up font `OT1/pxr/m/it/7' on input line 13.
Package microtype Info: ... Loading protrusion list `ppl-it'.
Package microtype Info: ... Applying non-selected expansion (list `default').
Package microtype Info: Setting up font `OT1/pxr/m/it/5' on input line 13.
Package microtype Info: ... Loading protrusion list `ppl-it'.
Package microtype Info: ... Applying non-selected expansion (list `default').
LaTeX Font Info:    Try loading font information for U+pxmia on input line 13.

(/usr/local/texlive/2016/texmf-dist/tex/latex/pxfonts/upxmia.fd
File: upxmia.fd 2000/12/14 v1.0
)
Package microtype Info: Setting up font `U/pxmia/m/it/10' on input line 13.
Package microtype Info: ... No protrusion.
Package microtype Info: ... No expansion.
Package microtype Info: Setting up font `U/pxmia/m/it/7' on input line 13.
Package microtype Info: ... No protrusion.
Package microtype Info: ... No expansion.
Package microtype Info: Setting up font `U/pxmia/m/it/5' on input line 13.
Package microtype Info: ... No protrusion.
Package microtype Info: ... No expansion.
LaTeX Font Info:    Try loading font information for U+pxsyc on input line 13.

(/usr/local/texlive/2016/texmf-dist/tex/latex/pxfonts/upxsyc.fd
File: upxsyc.fd 2000/12/14 v1.0
)
Package microtype Info: ... No configuration file mt-pxsyc.cfg.
Package microtype Info: Setting up font `U/pxsyc/m/n/10' on input line 13.
Package microtype Info: ... No protrusion.
Package microtype Info: ... No expansion.
Package microtype Info: Setting up font `U/pxsyc/m/n/7' on input line 13.
Package microtype Info: ... No protrusion.
Package microtype Info: ... No expansion.
Package microtype Info: Setting up font `U/pxsyc/m/n/5' on input line 13.
Package microtype Info: ... No protrusion.
Package microtype Info: ... No expansion.
Package microtype Info: Setting up font `U/pxexa/m/n/10' on input line 13.
Package microtype Info: ... No protrusion.
Package microtype Info: ... No expansion.
Package microtype Info: Setting up font `U/pxexa/m/n/7' on input line 13.
Package microtype Info: ... No protrusion.
Package microtype Info: ... No expansion.
Package microtype Info: Setting up font `U/pxexa/m/n/5' on input line 13.
Package microtype Info: ... No protrusion.
Package microtype Info: ... No expansion.
LaTeX Font Info:    Try loading font information for T1+pxtt on input line 23.

(/usr/local/texlive/2016/texmf-dist/tex/latex/pxfonts/t1pxtt.fd
File: t1pxtt.fd 2000/12/14 v1.0
)
Package microtype Info: ... No configuration file mt-pxtt.cfg.
Package microtype Info: Setting up font `T1/pxtt/m/n/10' on input line 23.
Package microtype Info: ... Loading protrusion list `T1-default'.
Package microtype Info: Loading generic settings for font family
(microtype)             `pxtt' (encoding: T1).
(microtype)             For optimal results, create family-specific settings.
(microtype)             See the microtype manual for details.
Package microtype Info: ... : First loading protrusion list `default'.
Package microtype Info: ... Applying non-selected expansion (list `default').
)
\tf@toc=\write6
\openout6 = `username.toc'.

 [7


]
(./username.lof)
\tf@lof=\write7
\openout7 = `username.lof'.

 [8

] (./username.lot)
\tf@lot=\write8
\openout8 = `username.lot'.

 [9

] (./username.lol)
\tf@lol=\write9
\openout9 = `username.lol'.


(./chapters/preface.tex [10

]
Package microtype Info: Setting up font `T1/pxr/m/n/27.0206' on input line 4.
Package microtype Info: ... Loading protrusion list `ppl-T1'.
Package microtype Info: ... : First loading protrusion list `ppl-default'.
Package microtype Info: ... Applying non-selected expansion (list `default').
Package microtype Info: Setting up font `T1/pxr/m/n/38.034' on input line 4.
Package microtype Info: ... Loading protrusion list `ppl-T1'.
Package microtype Info: ... : First loading protrusion list `ppl-default'.
Package microtype Info: ... Applying non-selected expansion (list `default').
Package microtype Info: Setting up font `T1/pxr/m/n/7' on input line 4.
Package microtype Info: ... Loading protrusion list `ppl-T1'.
Package microtype Info: ... : First loading protrusion list `ppl-default'.
Package microtype Info: ... Applying non-selected expansion (list `default').


Package natbib Warning: Citation `mgbcr04' on page xi undefined on input line 8
.


Package natbib Warning: Citation `kd03' on page xi undefined on input line 8.


Package natbib Warning: Citation `ophs03' on page xi undefined on input line 8.



Package natbib Warning: Citation `feu02' on page xi undefined on input line 8.


Package natbib Warning: Citation `fly03' on page xi undefined on input line 8.


Package natbib Warning: Citation `gra96' on page xi undefined on input line 8.

) [11

] (./chapters/introduction.tex
CHAPTER 1.
Package microtype Info: Setting up font `T1/pxr/m/n/9' on input line 2.
Package microtype Info: ... Loading protrusion list `ppl-T1'.
Package microtype Info: ... : First loading protrusion list `ppl-default'.
Package microtype Info: ... Applying non-selected expansion (list `default').
Package microtype Info: Setting up font `T1/pxr/m/n/60' on input line 2.
Package microtype Info: ... Loading protrusion list `ppl-T1'.
Package microtype Info: ... : First loading protrusion list `ppl-default'.
Package microtype Info: ... Applying non-selected expansion (list `default').
) (./chapters/chapter1.tex [1


]
CHAPTER 2.
Package microtype Info: Setting up font `T1/pxr/m/it/10' on input line 5.
Package microtype Info: ... Loading protrusion list `ppl-it-T1'.
Package microtype Info: ... : First loading protrusion list `ppl-it'.
Package microtype Info: ... Applying non-selected expansion (list `default').

Package natbib Warning: Citation `ChalmersVR' on page 2 undefined on input line
 5.


Package natbib Warning: Citation `ChalmersVR' on page 2 undefined on input line
 9.

[2

]
Package microtype Info: Setting up font `T1/pxr/m/sc/12' on input line 14.
Package microtype Info: ... Loading protrusion list `ppl-sc-T1'.
Package microtype Info: ... : First loading protrusion list `ppl-T1'.
Package microtype Info: ... : First loading protrusion list `ppl-default'.
Package microtype Info: ... Applying non-selected expansion (list `default').
Package microtype Info: Setting up font `T1/pxr/m/sl/10' on input line 16.
Package microtype Info: ... Loading protrusion list `ppl-it-T1'.
Package microtype Info: ... : First loading protrusion list `ppl-it'.
Package microtype Info: ... Applying non-selected expansion (list `default').
 [3] [4] [5]
Underfull \hbox (badness 10000) in paragraph at lines 24--26

 []

[6] [7]
CHAPTER 3.
[8

]

Package natbib Warning: Citation `fig:FF7' on page 9 undefined on input line 53
.

<maxresdefault.jpg, id=329, 1284.8pt x 722.7pt>
File: maxresdefault.jpg Graphic file (type jpg)
 <use maxresdefault.jpg>
Package pdftex.def Info: maxresdefault.jpg used on input line 56.
(pdftex.def)             Requested size: 256.0748pt x 144.0412pt.


Package natbib Warning: Citation `fig:MCmonster' on page 9 undefined on input l
ine 60.

<minecraft-32.jpg, id=330, 526.96875pt x 296.60812pt>
File: minecraft-32.jpg Graphic file (type jpg)
 <use minecraft-32.jpg>
Package pdftex.def Info: minecraft-32.jpg used on input line 63.
(pdftex.def)             Requested size: 256.0748pt x 144.1399pt.


Package natbib Warning: Citation `fig:MCmonster' on page 9 undefined on input l
ine 67.

<minecraft-spider-300x240.jpg, id=331, 301.125pt x 240.9pt>
File: minecraft-spider-300x240.jpg Graphic file (type jpg)

<use minecraft-spider-300x240.jpg>
Package pdftex.def Info: minecraft-spider-300x240.jpg used on input line 70.
(pdftex.def)             Requested size: 256.0748pt x 204.8799pt.
 [9]
Overfull \hbox (25.73895pt too wide) in paragraph at lines 79--80
\T1/pxtt/m/n/10 (-20) section]{An example of making a new section and giving it
 a short name}$\OMS/pxsy/m/n/10 n$\T1/pxtt/m/n/10 (-20) label{sec:newsec}\T1/px
r/m/n/10 (-20) .
 []

[10 <./maxresdefault.jpg> <./minecraft-32.jpg>]
\openout3 = `username.exa'.

Package microtype Info: Setting up font `T1/pxtt/m/n/9' on input line 95.
Package microtype Info: ... Loading protrusion list `T1-default'.
Package microtype Info: ... : First loading protrusion list `default'.
Package microtype Info: ... Applying non-selected expansion (list `default').
File: username.exa  (verbatim)
 (./username.exa)
\openout3 = `username.exa'.

File: username.exa  (verbatim)

(./username.exa
LaTeX Font Info:    Font shape `OMS/pxr/m/n' in size <7> not available
(Font)              Font shape `OMS/pxsy/m/n' tried instead on input line 2.
) [11 <./minecraft-spider-300x240.jpg>]
\openout3 = `username.exa'.

File: username.exa  (verbatim)
 (./username.exa
Package microtype Info: Setting up font `T1/pxr/bx/n/7' on input line 2.
Package microtype Info: ... Loading protrusion list `ppl-T1'.
Package microtype Info: ... : First loading protrusion list `ppl-default'.
Package microtype Info: ... Applying non-selected expansion (list `default').
)

Package natbib Warning: Citation `mgbcr04' on page 12 undefined on input line 1
23.


LaTeX Warning: Reference `math' on page 12 undefined on input line 126.


LaTeX Warning: Reference `bdef1' on page 12 undefined on input line 126.

\openout3 = `username.exa'.

File: username.exa  (verbatim)
(./username.exa
Package microtype Info: Setting up font `T1/pxr/m/it/7' on input line 1.
Package microtype Info: ... Loading protrusion list `ppl-it-T1'.
Package microtype Info: ... : First loading protrusion list `ppl-it'.
Package microtype Info: ... Applying non-selected expansion (list `default').
Package microtype Info: Setting up font `T1/pxr/m/sc/7' on input line 3.
Package microtype Info: ... Loading protrusion list `ppl-sc-T1'.
Package microtype Info: ... : First loading protrusion list `ppl-T1'.
Package microtype Info: ... : First loading protrusion list `ppl-default'.
Package microtype Info: ... Applying non-selected expansion (list `default').
)
\openout3 = `username.exa'.

File: username.exa  (verbatim)
 (./username.exa) [12]
\openout3 = `username.exa'.

File: username.exa  (verbatim)
 (./username.exa
Package microtype Info: Setting up font `OT1/pxr/bx/n/7' on input line 12.
Package microtype Info: ... Loading protrusion list `ppl-default'.
Package microtype Info: ... Applying non-selected expansion (list `default').
Package microtype Info: Setting up font `OT1/pxr/bx/n/5' on input line 12.
Package microtype Info: ... Loading protrusion list `ppl-default'.
Package microtype Info: ... Applying non-selected expansion (list `default').
)
Package microtype Info: Setting up font `OT1/pxr/bx/n/10' on input line 173.
Package microtype Info: ... Loading protrusion list `ppl-default'.
Package microtype Info: ... Applying non-selected expansion (list `default').
\openout3 = `username.exa'.

File: username.exa  (verbatim)
 (./username.exa
Package microtype Info: Setting up font `T1/pxr/m/n/5' on input line 12.
Package microtype Info: ... Loading protrusion list `ppl-T1'.
Package microtype Info: ... : First loading protrusion list `ppl-default'.
Package microtype Info: ... Applying non-selected expansion (list `default').
)
\openout3 = `username.exa'.

File: username.exa  (verbatim)

(./username.exa) [13]
(/usr/local/texlive/2016/texmf-dist/tex/latex/listings/lstlang1.sty
File: lstlang1.sty 2015/06/04 1.6 listings language file
)
Package microtype Info: Setting up font `T1/pxr/bx/n/9' on input line 254.
Package microtype Info: ... Loading protrusion list `ppl-T1'.
Package microtype Info: ... : First loading protrusion list `ppl-default'.
Package microtype Info: ... Applying non-selected expansion (list `default').
Package microtype Info: Setting up font `OT1/pxr/m/n/9' on input line 254.
Package microtype Info: ... Loading protrusion list `ppl-default'.
Package microtype Info: ... Applying non-selected expansion (list `default').
Package microtype Info: Setting up font `OT1/pxr/m/n/6' on input line 254.
Package microtype Info: ... Loading protrusion list `ppl-default'.
Package microtype Info: ... Applying non-selected expansion (list `default').
Package microtype Info: Setting up font `OML/pxmi/m/it/9' on input line 254.
Package microtype Info: ... No protrusion.
Package microtype Info: ... No expansion.
Package microtype Info: Setting up font `OML/pxmi/m/it/6' on input line 254.
Package microtype Info: ... No protrusion.
Package microtype Info: ... No expansion.
Package microtype Info: Setting up font `OMS/pxsy/m/n/9' on input line 254.
Package microtype Info: ... No protrusion.
Package microtype Info: ... No expansion.
Package microtype Info: Setting up font `OMS/pxsy/m/n/6' on input line 254.
Package microtype Info: ... No protrusion.
Package microtype Info: ... No expansion.
Package microtype Info: Setting up font `OMX/pxex/m/n/9' on input line 254.
Package microtype Info: ... No protrusion.
Package microtype Info: ... No expansion.
Package microtype Info: Setting up font `OMX/pxex/m/n/6' on input line 254.
Package microtype Info: ... No protrusion.
Package microtype Info: ... No expansion.
Package microtype Info: Setting up font `OT1/pxr/bx/n/9' on input line 254.
Package microtype Info: ... Loading protrusion list `ppl-default'.
Package microtype Info: ... Applying non-selected expansion (list `default').
Package microtype Info: Setting up font `OT1/pxr/bx/n/6' on input line 254.
Package microtype Info: ... Loading protrusion list `ppl-default'.
Package microtype Info: ... Applying non-selected expansion (list `default').
Package microtype Info: Setting up font `U/pxsya/m/n/9' on input line 254.
Package microtype Info: ... No protrusion.
Package microtype Info: ... No expansion.
Package microtype Info: Setting up font `U/pxsya/m/n/6' on input line 254.
Package microtype Info: ... No protrusion.
Package microtype Info: ... No expansion.
Package microtype Info: Setting up font `U/pxsyb/m/n/9' on input line 254.
Package microtype Info: ... No protrusion.
Package microtype Info: ... No expansion.
Package microtype Info: Setting up font `U/pxsyb/m/n/6' on input line 254.
Package microtype Info: ... No protrusion.
Package microtype Info: ... No expansion.
Package microtype Info: Setting up font `OT1/pxr/m/it/9' on input line 254.
Package microtype Info: ... Loading protrusion list `ppl-it'.
Package microtype Info: ... Applying non-selected expansion (list `default').
Package microtype Info: Setting up font `OT1/pxr/m/it/6' on input line 254.
Package microtype Info: ... Loading protrusion list `ppl-it'.
Package microtype Info: ... Applying non-selected expansion (list `default').
Package microtype Info: Setting up font `U/pxmia/m/it/9' on input line 254.
Package microtype Info: ... No protrusion.
Package microtype Info: ... No expansion.
Package microtype Info: Setting up font `U/pxmia/m/it/6' on input line 254.
Package microtype Info: ... No protrusion.
Package microtype Info: ... No expansion.
Package microtype Info: Setting up font `U/pxsyc/m/n/9' on input line 254.
Package microtype Info: ... No protrusion.
Package microtype Info: ... No expansion.
Package microtype Info: Setting up font `U/pxsyc/m/n/6' on input line 254.
Package microtype Info: ... No protrusion.
Package microtype Info: ... No expansion.
Package microtype Info: Setting up font `U/pxexa/m/n/9' on input line 254.
Package microtype Info: ... No protrusion.
Package microtype Info: ... No expansion.
Package microtype Info: Setting up font `U/pxexa/m/n/6' on input line 254.
Package microtype Info: ... No protrusion.
Package microtype Info: ... No expansion.
 [14]
[15]
Package microtype Info: Setting up font `T1/pxtt/m/sc/14.4' on input line 338.
Package microtype Info: ... Loading protrusion list `T1-sc'.
Package microtype Info: ... : First loading protrusion list `T1-default'.
Package microtype Info: ... : First loading protrusion list `default'.
Package microtype Info: ... Applying non-selected expansion (list `default').
) (./chapters/chapter2.tex [16] [17]
CHAPTER 4.
<./figures/picture3.pdf, id=434, 144.54pt x 144.54pt>
File: ./figures/picture3.pdf Graphic file (type pdf)

<use ./figures/picture3.pdf>
Package pdftex.def Info: ./figures/picture3.pdf used on input line 27.
(pdftex.def)             Requested size: 115.63214pt x 115.63214pt.
 [18

 <./figures/picture3.pdf>]
<./figures/picture2.pdf, id=478, 352.31625pt x 273.02pt>
File: ./figures/picture2.pdf Graphic file (type pdf)

<use ./figures/picture2.pdf>
Package pdftex.def Info: ./figures/picture2.pdf used on input line 48.
(pdftex.def)             Requested size: 140.924pt x 109.20605pt.

Underfull \hbox (badness 1867) in paragraph at lines 76--77
\T1/pxr/m/n/10 (+20) page which is
 []


Underfull \hbox (badness 2165) in paragraph at lines 80--81
\T1/pxr/m/n/10 (+20) Text Text Text
 []

[19 <./figures/picture2.pdf>]
<./figures/picture1.pdf, id=496, 349.305pt x 399.4925pt>
File: ./figures/picture1.pdf Graphic file (type pdf)

<use ./figures/picture1.pdf>
Package pdftex.def Info: ./figures/picture1.pdf used on input line 107.
(pdftex.def)             Requested size: 139.71951pt x 159.79416pt.
File: ./figures/picture2.pdf Graphic file (type pdf)
 <use ./figures/picture2.pdf>
Package pdftex.def Info: ./figures/picture2.pdf used on input line 113.
(pdftex.def)             Requested size: 140.924pt x 109.20605pt.
 [20 <./figures/picture1.pdf>]
File: ./figures/picture1.pdf Graphic file (type pdf)
 <use ./figures/picture1.pdf>
Package pdftex.def Info: ./figures/picture1.pdf used on input line 135.
(pdftex.def)             Requested size: 139.71951pt x 159.79416pt.
File: ./figures/picture2.pdf Graphic file (type pdf)
 <use ./figures/picture2.pdf>
Package pdftex.def Info: ./figures/picture2.pdf used on input line 138.
(pdftex.def)             Requested size: 140.924pt x 109.20605pt.


Package natbib Warning: Citation `kd03' on page 21 undefined on input line 144.



Package natbib Warning: Citation `mgbcr04' on page 21 undefined on input line 1
44.

[21] [22]

Package natbib Warning: Citation `kd03' on page 23 undefined on input line 252.


) (./chapters/chapter3.tex [23]
CHAPTER 5.

Package natbib Warning: Citation `mgbcr04' on page 24 undefined on input line 4
4.


Package natbib Warning: Citation `mgbcr04' on page 24 undefined on input line 4
4.


Package natbib Warning: Citation `mgbcr04' on page 24 undefined on input line 4
4.


Package natbib Warning: Citation `kd03' on page 24 undefined on input line 44.


Package natbib Warning: Citation `mgbcr04' on page 24 undefined on input line 4
4.

[24

]

Package natbib Warning: Citation `kd03' on page 25 undefined on input line 48.


Package natbib Warning: Citation `mgbcr04' on page 25 undefined on input line 4
8.

) [25] (./username.bbl (./username.brf)
\tf@brf=\write10
\openout10 = `username.brf'.

) [26


]
No file username.ind.
[27


]

Package natbib Warning: There were undefined citations.

Package atveryend Info: Empty hook `BeforeClearDocument' on input line 330.
Package atveryend Info: Empty hook `AfterLastShipout' on input line 330.
(./username.aux)
Package atveryend Info: Executing hook `AtVeryEndDocument' on input line 330.
Package atveryend Info: Executing hook `AtEndAfterFileList' on input line 330.
Package rerunfilecheck Info: File `username.out' has not changed.
(rerunfilecheck)             Checksum: DE417312A4688872F738AFC0C9E80709;1825.
Package rerunfilecheck Info: File `username.brf' has not changed.
(rerunfilecheck)             Checksum: E622CF8F05993925037B18AB69E5C8E7;616.


LaTeX Warning: There were undefined references.


LaTeX Warning: There were multiply-defined labels.

Package atveryend Info: Empty hook `AtVeryVeryEnd' on input line 330.
 ) 
Here is how much of TeX's memory you used:
 14088 strings out of 493014
 204600 string characters out of 6133351
 357299 words of memory out of 5000000
 16616 multiletter control sequences out of 15000+600000
 80235 words of font info for 458 fonts, out of 8000000 for 9000
 1141 hyphenation exceptions out of 8191
 43i,23n,45p,3782b,1817s stack positions out of 5000i,500n,10000p,200000b,80000s
{/usr/local/texlive/2016/texmf-dist/fonts/enc/dvips/base/8r.enc}</usr/local/t
exlive/2016/texmf-dist/fonts/type1/public/amsfonts/cm/cmr10.pfb></usr/local/tex
live/2016/texmf-dist/fonts/type1/public/pxfonts/pxex.pfb></usr/local/texlive/20
16/texmf-dist/fonts/type1/public/pxfonts/pxsy.pfb></usr/local/texlive/2016/texm
f-dist/fonts/type1/public/pxfonts/rpxmi.pfb></usr/local/texlive/2016/texmf-dist
/fonts/type1/public/pxfonts/rpxr.pfb></usr/local/texlive/2016/texmf-dist/fonts/
type1/public/pxfonts/rpxsc.pfb></usr/local/texlive/2016/texmf-dist/fonts/type1/
public/txfonts/t1xtt.pfb></usr/local/texlive/2016/texmf-dist/fonts/type1/public
/txfonts/t1xttsc.pfb></usr/local/texlive/2016/texmf-dist/fonts/type1/urw/palati
no/uplb8a.pfb></usr/local/texlive/2016/texmf-dist/fonts/type1/urw/palatino/uplr
8a.pfb></usr/local/texlive/2016/texmf-dist/fonts/type1/urw/palatino/uplr8a.pfb>
</usr/local/texlive/2016/texmf-dist/fonts/type1/urw/palatino/uplri8a.pfb>
Output written on username.pdf (40 pages, 1104422 bytes).
PDF statistics:
 632 PDF objects out of 1000 (max. 8388607)
 528 compressed objects within 6 object streams
 142 named destinations out of 1000 (max. 500000)
 143641 words of extra memory for PDF output out of 154059 (max. 10000000)

